A51 MACRO ASSEMBLER  CAU3_03_C6                                                           12/06/2019 17:43:42 PAGE     1


MACRO ASSEMBLER A51 V8.02b
OBJECT MODULE PLACED IN Cau3_03-C6.OBJ
ASSEMBLER INVOKED BY: C:\Keil\C51\BIN\A51.EXE Cau3_03-C6.a51 SET(SMALL) DEBUG EP

LOC  OBJ            LINE     SOURCE

0000                   1     org 0
                       2     
0000                   3     main:
0000 D290              4     setb p1.0
0002 309004            5     jnb p1.0,goi_tat_dan
0005 110D              6     call sang_dan
0007 80F7              7     jmp main
0009                   8     goi_tat_dan:
0009 1125              9     call tat_dan
000B 80F3             10     jmp main
                      11     
                      12     
                      13     
                      14     
000D                  15     sang_dan:
000D 113D             16     call delay
000F 758000           17     mov p0,#0
0012 75B000           18     mov p3,#0
0015                  19     nhan1:
0015 113D             20     call delay
0017 D3               21     setb c
0018 E580             22     mov a,p0
001A 33               23     rlc a
001B F580             24     mov p0,a
001D E5B0             25     mov a,p3
001F 33               26     rlc a
0020 F5B0             27     mov p3,a
0022 50F1             28     jnc nhan1
                      29     
0024 22               30     ret
                      31     
                      32     
                      33     
                      34     
0025                  35     tat_dan:
0025 113D             36     call delay
0027 7580FF           37     mov p0,#0ffh
002A 75B0FF           38     mov p3,#0ffh
002D                  39     nhan2:
002D 113D             40     call delay
002F C3               41     clr c
0030 E580             42     mov a,p0
0032 33               43     rlc a
0033 F580             44     mov p0,a
0035 E5B0             45     mov a,p3
0037 33               46     rlc a
0038 F5B0             47     mov p3,a
003A 40F1             48     jc nhan2
                      49     
003C 22               50     ret
                      51     
                      52     
                      53     
                      54     
003D                  55     delay:
003D 7814             56     mov r0,#20
003F                  57     nhan3:
003F 758901           58     mov tmod,#00000001b
A51 MACRO ASSEMBLER  CAU3_03_C6                                                           12/06/2019 17:43:42 PAGE     2

0042 758C3C           59     mov th0,#high(15536)
0045 758AB0           60     mov tl0,#low(15536)
0048 D28C             61     setb tr0
004A 308DFD           62     jnb tf0,$
004D C28D             63     clr tf0
004F D8EE             64     djnz r0,nhan3
                      65     
0051 22               66     ret
                      67     
                      68     
                      69     
                      70     
                      71     end
A51 MACRO ASSEMBLER  CAU3_03_C6                                                           12/06/2019 17:43:42 PAGE     3

SYMBOL TABLE LISTING
------ ----- -------


N A M E             T Y P E  V A L U E   ATTRIBUTES

DELAY. . . . . . .  C ADDR   003DH   A   
GOI_TAT_DAN. . . .  C ADDR   0009H   A   
MAIN . . . . . . .  C ADDR   0000H   A   
NHAN1. . . . . . .  C ADDR   0015H   A   
NHAN2. . . . . . .  C ADDR   002DH   A   
NHAN3. . . . . . .  C ADDR   003FH   A   
P0 . . . . . . . .  D ADDR   0080H   A   
P1 . . . . . . . .  D ADDR   0090H   A   
P3 . . . . . . . .  D ADDR   00B0H   A   
SANG_DAN . . . . .  C ADDR   000DH   A   
TAT_DAN. . . . . .  C ADDR   0025H   A   
TF0. . . . . . . .  B ADDR   0088H.5 A   
TH0. . . . . . . .  D ADDR   008CH   A   
TL0. . . . . . . .  D ADDR   008AH   A   
TMOD . . . . . . .  D ADDR   0089H   A   
TR0. . . . . . . .  B ADDR   0088H.4 A   


REGISTER BANK(S) USED: 0 


ASSEMBLY COMPLETE.  0 WARNING(S), 0 ERROR(S)
