A51 MACRO ASSEMBLER  CAU_3_05_C6                                                          12/06/2019 20:57:54 PAGE     1


MACRO ASSEMBLER A51 V8.02b
OBJECT MODULE PLACED IN Cau_3-05-C6.OBJ
ASSEMBLER INVOKED BY: C:\Keil\C51\BIN\A51.EXE Cau_3-05-C6.a51 SET(SMALL) DEBUG EP

LOC  OBJ            LINE     SOURCE

0000                   1     org 0
                       2     
0000                   3     main:
0000 900041            4     mov dptr,#bangma
0003 758905            5     mov tmod,#05h
0006 758A00            6     mov tl0,#00h
0009 D28C              7     setb tr0
000B                   8     lap:
000B 1116              9     call tach
000D 1125             10     call hienthi
000F E58A             11     mov a,tl0
0011 B433F7           12     cjne a,#51,lap
0014 80EA             13     jmp main
                      14     
                      15     
                      16     
                      17     
0016                  18     tach:
0016 E58A             19     mov a,tl0
0018 75F00A           20     mov b,#10
001B 84               21     div ab
001C 93               22     movc a,@a+dptr
001D F520             23     mov 20h,a
001F E5F0             24     mov a,b
0021 93               25     movc a,@a+dptr
0022 F521             26     mov 21h,a
                      27     
0024 22               28     ret
                      29     
                      30     
                      31     
                      32     
0025                  33     hienthi:
0025 852080           34     mov p0,20h
0028 75A0FD           35     mov p2,#11111101b
                      36     
002B 113C             37     call delay
                      38     
002D 75A0FF           39     mov p2,#0ffh
                      40     
0030 852180           41     mov p0,21h
0033 75A0FE           42     mov p2,#11111110b
                      43     
0036 113C             44     call delay
                      45     
0038 75A0FF           46     mov p2,#0ffh
                      47     
003B 22               48     ret
                      49     
                      50     
                      51     
                      52     
003C                  53     delay:
003C 7832             54     mov r0,#50
003E D8FE             55     djnz r0,$
0040 22               56     ret
                      57     
                      58     
A51 MACRO ASSEMBLER  CAU_3_05_C6                                                          12/06/2019 20:57:54 PAGE     2

                      59     
                      60     
0041 C0F9A4B0         61     bangma:db 0c0h,0f9h,0a4h,0b0h,99h,92h,82h,0f8h,80h,90h
0045 999282F8                
0049 8090                    
                      62     
                      63     
                      64     
                      65     
                      66     end
A51 MACRO ASSEMBLER  CAU_3_05_C6                                                          12/06/2019 20:57:54 PAGE     3

SYMBOL TABLE LISTING
------ ----- -------


N A M E             T Y P E  V A L U E   ATTRIBUTES

B. . . . . . . . .  D ADDR   00F0H   A   
BANGMA . . . . . .  C ADDR   0041H   A   
DELAY. . . . . . .  C ADDR   003CH   A   
HIENTHI. . . . . .  C ADDR   0025H   A   
LAP. . . . . . . .  C ADDR   000BH   A   
MAIN . . . . . . .  C ADDR   0000H   A   
P0 . . . . . . . .  D ADDR   0080H   A   
P2 . . . . . . . .  D ADDR   00A0H   A   
TACH . . . . . . .  C ADDR   0016H   A   
TL0. . . . . . . .  D ADDR   008AH   A   
TMOD . . . . . . .  D ADDR   0089H   A   
TR0. . . . . . . .  B ADDR   0088H.4 A   


REGISTER BANK(S) USED: 0 


ASSEMBLY COMPLETE.  0 WARNING(S), 0 ERROR(S)
